State 34 conflicts: 1 shift/reduce


Grammar

    0 $accept: template $end

    1 template: typelines

    2 typelines: typelines typeline
    3          | typeline

    4 typeline: expression
    5         | block COLON blockstmt

    6 block: IF expression

    7 blockstmt: blockstmt INDENTTOK typeline
    8          | INDENTTOK typeline

    9 expression: IDENTIFIER ASSIGNMENT expression
   10           | OBRACE expression EBRACE
   11           | expression POWER expression
   12           | expression STAR expression
   13           | expression DIVISION expression
   14           | expression PLUS expression
   15           | expression MINUS expression
   16           | expression LEFTSHIFT expression
   17           | expression RIGHTSHIFT expression
   18           | expression LESSTHAN expression
   19           | expression GREATERTHAN expression
   20           | expression DOUBLEEQUAL expression
   21           | expression NOTEQUAL expression
   22           | expression LESSTHOREQ expression
   23           | expression GREATTHOREQ expression
   24           | IDENTIFIER
   25           | INT
   26           | STRING
   27           | DECIMAL


Terminals, with rules where they appear

$end (0) 0
error (256)
INT (258) 25
DECIMAL (259) 27
STRING (260) 26
IDENTIFIER (261) 9 24
INDENTTOK (262) 7 8
IF (263) 6
COLON (264) 5
OBRACE (265) 10
EBRACE (266) 10
ASSIGNMENT (267) 9
LESSTHAN (268) 18
GREATERTHAN (269) 19
DOUBLEEQUAL (270) 20
NOTEQUAL (271) 21
LESSTHOREQ (272) 22
GREATTHOREQ (273) 23
LEFTSHIFT (274) 16
RIGHTSHIFT (275) 17
PLUS (276) 14
MINUS (277) 15
STAR (278) 12
DIVISION (279) 13
POWER (280) 11


Nonterminals, with rules where they appear

$accept (26)
    on left: 0
template (27)
    on left: 1, on right: 0
typelines (28)
    on left: 2 3, on right: 1 2
typeline (29)
    on left: 4 5, on right: 2 3 7 8
block (30)
    on left: 6, on right: 5
blockstmt (31)
    on left: 7 8, on right: 5 7
expression (32)
    on left: 9 10 11 12 13 14 15 16 17 18 19 20 21 22 23 24 25 26 27,
    on right: 4 6 9 10 11 12 13 14 15 16 17 18 19 20 21 22 23


State 0

    0 $accept: . template $end
    1 template: . typelines
    2 typelines: . typelines typeline
    3          | . typeline
    4 typeline: . expression
    5         | . block COLON blockstmt
    6 block: . IF expression
    9 expression: . IDENTIFIER ASSIGNMENT expression
   10           | . OBRACE expression EBRACE
   11           | . expression POWER expression
   12           | . expression STAR expression
   13           | . expression DIVISION expression
   14           | . expression PLUS expression
   15           | . expression MINUS expression
   16           | . expression LEFTSHIFT expression
   17           | . expression RIGHTSHIFT expression
   18           | . expression LESSTHAN expression
   19           | . expression GREATERTHAN expression
   20           | . expression DOUBLEEQUAL expression
   21           | . expression NOTEQUAL expression
   22           | . expression LESSTHOREQ expression
   23           | . expression GREATTHOREQ expression
   24           | . IDENTIFIER
   25           | . INT
   26           | . STRING
   27           | . DECIMAL

    INT         shift, and go to state 1
    DECIMAL     shift, and go to state 2
    STRING      shift, and go to state 3
    IDENTIFIER  shift, and go to state 4
    IF          shift, and go to state 5
    OBRACE      shift, and go to state 6

    template    go to state 7
    typelines   go to state 8
    typeline    go to state 9
    block       go to state 10
    expression  go to state 11


State 1

   25 expression: INT .

    $default  reduce using rule 25 (expression)


State 2

   27 expression: DECIMAL .

    $default  reduce using rule 27 (expression)


State 3

   26 expression: STRING .

    $default  reduce using rule 26 (expression)


State 4

    9 expression: IDENTIFIER . ASSIGNMENT expression
   24           | IDENTIFIER .  [$end, INT, DECIMAL, STRING, IDENTIFIER, INDENTTOK, IF, COLON, OBRACE, EBRACE, LESSTHAN, GREATERTHAN, DOUBLEEQUAL, NOTEQUAL, LESSTHOREQ, GREATTHOREQ, LEFTSHIFT, RIGHTSHIFT, PLUS, MINUS, STAR, DIVISION, POWER]

    ASSIGNMENT  shift, and go to state 12

    $default  reduce using rule 24 (expression)


State 5

    6 block: IF . expression
    9 expression: . IDENTIFIER ASSIGNMENT expression
   10           | . OBRACE expression EBRACE
   11           | . expression POWER expression
   12           | . expression STAR expression
   13           | . expression DIVISION expression
   14           | . expression PLUS expression
   15           | . expression MINUS expression
   16           | . expression LEFTSHIFT expression
   17           | . expression RIGHTSHIFT expression
   18           | . expression LESSTHAN expression
   19           | . expression GREATERTHAN expression
   20           | . expression DOUBLEEQUAL expression
   21           | . expression NOTEQUAL expression
   22           | . expression LESSTHOREQ expression
   23           | . expression GREATTHOREQ expression
   24           | . IDENTIFIER
   25           | . INT
   26           | . STRING
   27           | . DECIMAL

    INT         shift, and go to state 1
    DECIMAL     shift, and go to state 2
    STRING      shift, and go to state 3
    IDENTIFIER  shift, and go to state 4
    OBRACE      shift, and go to state 6

    expression  go to state 13


State 6

    9 expression: . IDENTIFIER ASSIGNMENT expression
   10           | . OBRACE expression EBRACE
   10           | OBRACE . expression EBRACE
   11           | . expression POWER expression
   12           | . expression STAR expression
   13           | . expression DIVISION expression
   14           | . expression PLUS expression
   15           | . expression MINUS expression
   16           | . expression LEFTSHIFT expression
   17           | . expression RIGHTSHIFT expression
   18           | . expression LESSTHAN expression
   19           | . expression GREATERTHAN expression
   20           | . expression DOUBLEEQUAL expression
   21           | . expression NOTEQUAL expression
   22           | . expression LESSTHOREQ expression
   23           | . expression GREATTHOREQ expression
   24           | . IDENTIFIER
   25           | . INT
   26           | . STRING
   27           | . DECIMAL

    INT         shift, and go to state 1
    DECIMAL     shift, and go to state 2
    STRING      shift, and go to state 3
    IDENTIFIER  shift, and go to state 4
    OBRACE      shift, and go to state 6

    expression  go to state 14


State 7

    0 $accept: template . $end

    $end  shift, and go to state 15


State 8

    1 template: typelines .  [$end]
    2 typelines: typelines . typeline
    4 typeline: . expression
    5         | . block COLON blockstmt
    6 block: . IF expression
    9 expression: . IDENTIFIER ASSIGNMENT expression
   10           | . OBRACE expression EBRACE
   11           | . expression POWER expression
   12           | . expression STAR expression
   13           | . expression DIVISION expression
   14           | . expression PLUS expression
   15           | . expression MINUS expression
   16           | . expression LEFTSHIFT expression
   17           | . expression RIGHTSHIFT expression
   18           | . expression LESSTHAN expression
   19           | . expression GREATERTHAN expression
   20           | . expression DOUBLEEQUAL expression
   21           | . expression NOTEQUAL expression
   22           | . expression LESSTHOREQ expression
   23           | . expression GREATTHOREQ expression
   24           | . IDENTIFIER
   25           | . INT
   26           | . STRING
   27           | . DECIMAL

    INT         shift, and go to state 1
    DECIMAL     shift, and go to state 2
    STRING      shift, and go to state 3
    IDENTIFIER  shift, and go to state 4
    IF          shift, and go to state 5
    OBRACE      shift, and go to state 6

    $default  reduce using rule 1 (template)

    typeline    go to state 16
    block       go to state 10
    expression  go to state 11


State 9

    3 typelines: typeline .

    $default  reduce using rule 3 (typelines)


State 10

    5 typeline: block . COLON blockstmt

    COLON  shift, and go to state 17


State 11

    4 typeline: expression .  [$end, INT, DECIMAL, STRING, IDENTIFIER, INDENTTOK, IF, OBRACE]
   11 expression: expression . POWER expression
   12           | expression . STAR expression
   13           | expression . DIVISION expression
   14           | expression . PLUS expression
   15           | expression . MINUS expression
   16           | expression . LEFTSHIFT expression
   17           | expression . RIGHTSHIFT expression
   18           | expression . LESSTHAN expression
   19           | expression . GREATERTHAN expression
   20           | expression . DOUBLEEQUAL expression
   21           | expression . NOTEQUAL expression
   22           | expression . LESSTHOREQ expression
   23           | expression . GREATTHOREQ expression

    LESSTHAN     shift, and go to state 18
    GREATERTHAN  shift, and go to state 19
    DOUBLEEQUAL  shift, and go to state 20
    NOTEQUAL     shift, and go to state 21
    LESSTHOREQ   shift, and go to state 22
    GREATTHOREQ  shift, and go to state 23
    LEFTSHIFT    shift, and go to state 24
    RIGHTSHIFT   shift, and go to state 25
    PLUS         shift, and go to state 26
    MINUS        shift, and go to state 27
    STAR         shift, and go to state 28
    DIVISION     shift, and go to state 29
    POWER        shift, and go to state 30

    $default  reduce using rule 4 (typeline)


State 12

    9 expression: . IDENTIFIER ASSIGNMENT expression
    9           | IDENTIFIER ASSIGNMENT . expression
   10           | . OBRACE expression EBRACE
   11           | . expression POWER expression
   12           | . expression STAR expression
   13           | . expression DIVISION expression
   14           | . expression PLUS expression
   15           | . expression MINUS expression
   16           | . expression LEFTSHIFT expression
   17           | . expression RIGHTSHIFT expression
   18           | . expression LESSTHAN expression
   19           | . expression GREATERTHAN expression
   20           | . expression DOUBLEEQUAL expression
   21           | . expression NOTEQUAL expression
   22           | . expression LESSTHOREQ expression
   23           | . expression GREATTHOREQ expression
   24           | . IDENTIFIER
   25           | . INT
   26           | . STRING
   27           | . DECIMAL

    INT         shift, and go to state 1
    DECIMAL     shift, and go to state 2
    STRING      shift, and go to state 3
    IDENTIFIER  shift, and go to state 4
    OBRACE      shift, and go to state 6

    expression  go to state 31


State 13

    6 block: IF expression .  [COLON]
   11 expression: expression . POWER expression
   12           | expression . STAR expression
   13           | expression . DIVISION expression
   14           | expression . PLUS expression
   15           | expression . MINUS expression
   16           | expression . LEFTSHIFT expression
   17           | expression . RIGHTSHIFT expression
   18           | expression . LESSTHAN expression
   19           | expression . GREATERTHAN expression
   20           | expression . DOUBLEEQUAL expression
   21           | expression . NOTEQUAL expression
   22           | expression . LESSTHOREQ expression
   23           | expression . GREATTHOREQ expression

    LESSTHAN     shift, and go to state 18
    GREATERTHAN  shift, and go to state 19
    DOUBLEEQUAL  shift, and go to state 20
    NOTEQUAL     shift, and go to state 21
    LESSTHOREQ   shift, and go to state 22
    GREATTHOREQ  shift, and go to state 23
    LEFTSHIFT    shift, and go to state 24
    RIGHTSHIFT   shift, and go to state 25
    PLUS         shift, and go to state 26
    MINUS        shift, and go to state 27
    STAR         shift, and go to state 28
    DIVISION     shift, and go to state 29
    POWER        shift, and go to state 30

    $default  reduce using rule 6 (block)


State 14

   10 expression: OBRACE expression . EBRACE
   11           | expression . POWER expression
   12           | expression . STAR expression
   13           | expression . DIVISION expression
   14           | expression . PLUS expression
   15           | expression . MINUS expression
   16           | expression . LEFTSHIFT expression
   17           | expression . RIGHTSHIFT expression
   18           | expression . LESSTHAN expression
   19           | expression . GREATERTHAN expression
   20           | expression . DOUBLEEQUAL expression
   21           | expression . NOTEQUAL expression
   22           | expression . LESSTHOREQ expression
   23           | expression . GREATTHOREQ expression

    EBRACE       shift, and go to state 32
    LESSTHAN     shift, and go to state 18
    GREATERTHAN  shift, and go to state 19
    DOUBLEEQUAL  shift, and go to state 20
    NOTEQUAL     shift, and go to state 21
    LESSTHOREQ   shift, and go to state 22
    GREATTHOREQ  shift, and go to state 23
    LEFTSHIFT    shift, and go to state 24
    RIGHTSHIFT   shift, and go to state 25
    PLUS         shift, and go to state 26
    MINUS        shift, and go to state 27
    STAR         shift, and go to state 28
    DIVISION     shift, and go to state 29
    POWER        shift, and go to state 30


State 15

    0 $accept: template $end .

    $default  accept


State 16

    2 typelines: typelines typeline .

    $default  reduce using rule 2 (typelines)


State 17

    5 typeline: block COLON . blockstmt
    7 blockstmt: . blockstmt INDENTTOK typeline
    8          | . INDENTTOK typeline

    INDENTTOK  shift, and go to state 33

    blockstmt  go to state 34


State 18

    9 expression: . IDENTIFIER ASSIGNMENT expression
   10           | . OBRACE expression EBRACE
   11           | . expression POWER expression
   12           | . expression STAR expression
   13           | . expression DIVISION expression
   14           | . expression PLUS expression
   15           | . expression MINUS expression
   16           | . expression LEFTSHIFT expression
   17           | . expression RIGHTSHIFT expression
   18           | . expression LESSTHAN expression
   18           | expression LESSTHAN . expression
   19           | . expression GREATERTHAN expression
   20           | . expression DOUBLEEQUAL expression
   21           | . expression NOTEQUAL expression
   22           | . expression LESSTHOREQ expression
   23           | . expression GREATTHOREQ expression
   24           | . IDENTIFIER
   25           | . INT
   26           | . STRING
   27           | . DECIMAL

    INT         shift, and go to state 1
    DECIMAL     shift, and go to state 2
    STRING      shift, and go to state 3
    IDENTIFIER  shift, and go to state 4
    OBRACE      shift, and go to state 6

    expression  go to state 35


State 19

    9 expression: . IDENTIFIER ASSIGNMENT expression
   10           | . OBRACE expression EBRACE
   11           | . expression POWER expression
   12           | . expression STAR expression
   13           | . expression DIVISION expression
   14           | . expression PLUS expression
   15           | . expression MINUS expression
   16           | . expression LEFTSHIFT expression
   17           | . expression RIGHTSHIFT expression
   18           | . expression LESSTHAN expression
   19           | . expression GREATERTHAN expression
   19           | expression GREATERTHAN . expression
   20           | . expression DOUBLEEQUAL expression
   21           | . expression NOTEQUAL expression
   22           | . expression LESSTHOREQ expression
   23           | . expression GREATTHOREQ expression
   24           | . IDENTIFIER
   25           | . INT
   26           | . STRING
   27           | . DECIMAL

    INT         shift, and go to state 1
    DECIMAL     shift, and go to state 2
    STRING      shift, and go to state 3
    IDENTIFIER  shift, and go to state 4
    OBRACE      shift, and go to state 6

    expression  go to state 36


State 20

    9 expression: . IDENTIFIER ASSIGNMENT expression
   10           | . OBRACE expression EBRACE
   11           | . expression POWER expression
   12           | . expression STAR expression
   13           | . expression DIVISION expression
   14           | . expression PLUS expression
   15           | . expression MINUS expression
   16           | . expression LEFTSHIFT expression
   17           | . expression RIGHTSHIFT expression
   18           | . expression LESSTHAN expression
   19           | . expression GREATERTHAN expression
   20           | . expression DOUBLEEQUAL expression
   20           | expression DOUBLEEQUAL . expression
   21           | . expression NOTEQUAL expression
   22           | . expression LESSTHOREQ expression
   23           | . expression GREATTHOREQ expression
   24           | . IDENTIFIER
   25           | . INT
   26           | . STRING
   27           | . DECIMAL

    INT         shift, and go to state 1
    DECIMAL     shift, and go to state 2
    STRING      shift, and go to state 3
    IDENTIFIER  shift, and go to state 4
    OBRACE      shift, and go to state 6

    expression  go to state 37


State 21

    9 expression: . IDENTIFIER ASSIGNMENT expression
   10           | . OBRACE expression EBRACE
   11           | . expression POWER expression
   12           | . expression STAR expression
   13           | . expression DIVISION expression
   14           | . expression PLUS expression
   15           | . expression MINUS expression
   16           | . expression LEFTSHIFT expression
   17           | . expression RIGHTSHIFT expression
   18           | . expression LESSTHAN expression
   19           | . expression GREATERTHAN expression
   20           | . expression DOUBLEEQUAL expression
   21           | . expression NOTEQUAL expression
   21           | expression NOTEQUAL . expression
   22           | . expression LESSTHOREQ expression
   23           | . expression GREATTHOREQ expression
   24           | . IDENTIFIER
   25           | . INT
   26           | . STRING
   27           | . DECIMAL

    INT         shift, and go to state 1
    DECIMAL     shift, and go to state 2
    STRING      shift, and go to state 3
    IDENTIFIER  shift, and go to state 4
    OBRACE      shift, and go to state 6

    expression  go to state 38


State 22

    9 expression: . IDENTIFIER ASSIGNMENT expression
   10           | . OBRACE expression EBRACE
   11           | . expression POWER expression
   12           | . expression STAR expression
   13           | . expression DIVISION expression
   14           | . expression PLUS expression
   15           | . expression MINUS expression
   16           | . expression LEFTSHIFT expression
   17           | . expression RIGHTSHIFT expression
   18           | . expression LESSTHAN expression
   19           | . expression GREATERTHAN expression
   20           | . expression DOUBLEEQUAL expression
   21           | . expression NOTEQUAL expression
   22           | . expression LESSTHOREQ expression
   22           | expression LESSTHOREQ . expression
   23           | . expression GREATTHOREQ expression
   24           | . IDENTIFIER
   25           | . INT
   26           | . STRING
   27           | . DECIMAL

    INT         shift, and go to state 1
    DECIMAL     shift, and go to state 2
    STRING      shift, and go to state 3
    IDENTIFIER  shift, and go to state 4
    OBRACE      shift, and go to state 6

    expression  go to state 39


State 23

    9 expression: . IDENTIFIER ASSIGNMENT expression
   10           | . OBRACE expression EBRACE
   11           | . expression POWER expression
   12           | . expression STAR expression
   13           | . expression DIVISION expression
   14           | . expression PLUS expression
   15           | . expression MINUS expression
   16           | . expression LEFTSHIFT expression
   17           | . expression RIGHTSHIFT expression
   18           | . expression LESSTHAN expression
   19           | . expression GREATERTHAN expression
   20           | . expression DOUBLEEQUAL expression
   21           | . expression NOTEQUAL expression
   22           | . expression LESSTHOREQ expression
   23           | . expression GREATTHOREQ expression
   23           | expression GREATTHOREQ . expression
   24           | . IDENTIFIER
   25           | . INT
   26           | . STRING
   27           | . DECIMAL

    INT         shift, and go to state 1
    DECIMAL     shift, and go to state 2
    STRING      shift, and go to state 3
    IDENTIFIER  shift, and go to state 4
    OBRACE      shift, and go to state 6

    expression  go to state 40


State 24

    9 expression: . IDENTIFIER ASSIGNMENT expression
   10           | . OBRACE expression EBRACE
   11           | . expression POWER expression
   12           | . expression STAR expression
   13           | . expression DIVISION expression
   14           | . expression PLUS expression
   15           | . expression MINUS expression
   16           | . expression LEFTSHIFT expression
   16           | expression LEFTSHIFT . expression
   17           | . expression RIGHTSHIFT expression
   18           | . expression LESSTHAN expression
   19           | . expression GREATERTHAN expression
   20           | . expression DOUBLEEQUAL expression
   21           | . expression NOTEQUAL expression
   22           | . expression LESSTHOREQ expression
   23           | . expression GREATTHOREQ expression
   24           | . IDENTIFIER
   25           | . INT
   26           | . STRING
   27           | . DECIMAL

    INT         shift, and go to state 1
    DECIMAL     shift, and go to state 2
    STRING      shift, and go to state 3
    IDENTIFIER  shift, and go to state 4
    OBRACE      shift, and go to state 6

    expression  go to state 41


State 25

    9 expression: . IDENTIFIER ASSIGNMENT expression
   10           | . OBRACE expression EBRACE
   11           | . expression POWER expression
   12           | . expression STAR expression
   13           | . expression DIVISION expression
   14           | . expression PLUS expression
   15           | . expression MINUS expression
   16           | . expression LEFTSHIFT expression
   17           | . expression RIGHTSHIFT expression
   17           | expression RIGHTSHIFT . expression
   18           | . expression LESSTHAN expression
   19           | . expression GREATERTHAN expression
   20           | . expression DOUBLEEQUAL expression
   21           | . expression NOTEQUAL expression
   22           | . expression LESSTHOREQ expression
   23           | . expression GREATTHOREQ expression
   24           | . IDENTIFIER
   25           | . INT
   26           | . STRING
   27           | . DECIMAL

    INT         shift, and go to state 1
    DECIMAL     shift, and go to state 2
    STRING      shift, and go to state 3
    IDENTIFIER  shift, and go to state 4
    OBRACE      shift, and go to state 6

    expression  go to state 42


State 26

    9 expression: . IDENTIFIER ASSIGNMENT expression
   10           | . OBRACE expression EBRACE
   11           | . expression POWER expression
   12           | . expression STAR expression
   13           | . expression DIVISION expression
   14           | . expression PLUS expression
   14           | expression PLUS . expression
   15           | . expression MINUS expression
   16           | . expression LEFTSHIFT expression
   17           | . expression RIGHTSHIFT expression
   18           | . expression LESSTHAN expression
   19           | . expression GREATERTHAN expression
   20           | . expression DOUBLEEQUAL expression
   21           | . expression NOTEQUAL expression
   22           | . expression LESSTHOREQ expression
   23           | . expression GREATTHOREQ expression
   24           | . IDENTIFIER
   25           | . INT
   26           | . STRING
   27           | . DECIMAL

    INT         shift, and go to state 1
    DECIMAL     shift, and go to state 2
    STRING      shift, and go to state 3
    IDENTIFIER  shift, and go to state 4
    OBRACE      shift, and go to state 6

    expression  go to state 43


State 27

    9 expression: . IDENTIFIER ASSIGNMENT expression
   10           | . OBRACE expression EBRACE
   11           | . expression POWER expression
   12           | . expression STAR expression
   13           | . expression DIVISION expression
   14           | . expression PLUS expression
   15           | . expression MINUS expression
   15           | expression MINUS . expression
   16           | . expression LEFTSHIFT expression
   17           | . expression RIGHTSHIFT expression
   18           | . expression LESSTHAN expression
   19           | . expression GREATERTHAN expression
   20           | . expression DOUBLEEQUAL expression
   21           | . expression NOTEQUAL expression
   22           | . expression LESSTHOREQ expression
   23           | . expression GREATTHOREQ expression
   24           | . IDENTIFIER
   25           | . INT
   26           | . STRING
   27           | . DECIMAL

    INT         shift, and go to state 1
    DECIMAL     shift, and go to state 2
    STRING      shift, and go to state 3
    IDENTIFIER  shift, and go to state 4
    OBRACE      shift, and go to state 6

    expression  go to state 44


State 28

    9 expression: . IDENTIFIER ASSIGNMENT expression
   10           | . OBRACE expression EBRACE
   11           | . expression POWER expression
   12           | . expression STAR expression
   12           | expression STAR . expression
   13           | . expression DIVISION expression
   14           | . expression PLUS expression
   15           | . expression MINUS expression
   16           | . expression LEFTSHIFT expression
   17           | . expression RIGHTSHIFT expression
   18           | . expression LESSTHAN expression
   19           | . expression GREATERTHAN expression
   20           | . expression DOUBLEEQUAL expression
   21           | . expression NOTEQUAL expression
   22           | . expression LESSTHOREQ expression
   23           | . expression GREATTHOREQ expression
   24           | . IDENTIFIER
   25           | . INT
   26           | . STRING
   27           | . DECIMAL

    INT         shift, and go to state 1
    DECIMAL     shift, and go to state 2
    STRING      shift, and go to state 3
    IDENTIFIER  shift, and go to state 4
    OBRACE      shift, and go to state 6

    expression  go to state 45


State 29

    9 expression: . IDENTIFIER ASSIGNMENT expression
   10           | . OBRACE expression EBRACE
   11           | . expression POWER expression
   12           | . expression STAR expression
   13           | . expression DIVISION expression
   13           | expression DIVISION . expression
   14           | . expression PLUS expression
   15           | . expression MINUS expression
   16           | . expression LEFTSHIFT expression
   17           | . expression RIGHTSHIFT expression
   18           | . expression LESSTHAN expression
   19           | . expression GREATERTHAN expression
   20           | . expression DOUBLEEQUAL expression
   21           | . expression NOTEQUAL expression
   22           | . expression LESSTHOREQ expression
   23           | . expression GREATTHOREQ expression
   24           | . IDENTIFIER
   25           | . INT
   26           | . STRING
   27           | . DECIMAL

    INT         shift, and go to state 1
    DECIMAL     shift, and go to state 2
    STRING      shift, and go to state 3
    IDENTIFIER  shift, and go to state 4
    OBRACE      shift, and go to state 6

    expression  go to state 46


State 30

    9 expression: . IDENTIFIER ASSIGNMENT expression
   10           | . OBRACE expression EBRACE
   11           | . expression POWER expression
   11           | expression POWER . expression
   12           | . expression STAR expression
   13           | . expression DIVISION expression
   14           | . expression PLUS expression
   15           | . expression MINUS expression
   16           | . expression LEFTSHIFT expression
   17           | . expression RIGHTSHIFT expression
   18           | . expression LESSTHAN expression
   19           | . expression GREATERTHAN expression
   20           | . expression DOUBLEEQUAL expression
   21           | . expression NOTEQUAL expression
   22           | . expression LESSTHOREQ expression
   23           | . expression GREATTHOREQ expression
   24           | . IDENTIFIER
   25           | . INT
   26           | . STRING
   27           | . DECIMAL

    INT         shift, and go to state 1
    DECIMAL     shift, and go to state 2
    STRING      shift, and go to state 3
    IDENTIFIER  shift, and go to state 4
    OBRACE      shift, and go to state 6

    expression  go to state 47


State 31

    9 expression: IDENTIFIER ASSIGNMENT expression .  [$end, INT, DECIMAL, STRING, IDENTIFIER, INDENTTOK, IF, COLON, OBRACE, EBRACE]
   11           | expression . POWER expression
   12           | expression . STAR expression
   13           | expression . DIVISION expression
   14           | expression . PLUS expression
   15           | expression . MINUS expression
   16           | expression . LEFTSHIFT expression
   17           | expression . RIGHTSHIFT expression
   18           | expression . LESSTHAN expression
   19           | expression . GREATERTHAN expression
   20           | expression . DOUBLEEQUAL expression
   21           | expression . NOTEQUAL expression
   22           | expression . LESSTHOREQ expression
   23           | expression . GREATTHOREQ expression

    LESSTHAN     shift, and go to state 18
    GREATERTHAN  shift, and go to state 19
    DOUBLEEQUAL  shift, and go to state 20
    NOTEQUAL     shift, and go to state 21
    LESSTHOREQ   shift, and go to state 22
    GREATTHOREQ  shift, and go to state 23
    LEFTSHIFT    shift, and go to state 24
    RIGHTSHIFT   shift, and go to state 25
    PLUS         shift, and go to state 26
    MINUS        shift, and go to state 27
    STAR         shift, and go to state 28
    DIVISION     shift, and go to state 29
    POWER        shift, and go to state 30

    $default  reduce using rule 9 (expression)

    Conflict between rule 9 and token LESSTHAN resolved as shift (ASSIGNMENT < LESSTHAN).
    Conflict between rule 9 and token GREATERTHAN resolved as shift (ASSIGNMENT < GREATERTHAN).
    Conflict between rule 9 and token DOUBLEEQUAL resolved as shift (ASSIGNMENT < DOUBLEEQUAL).
    Conflict between rule 9 and token NOTEQUAL resolved as shift (ASSIGNMENT < NOTEQUAL).
    Conflict between rule 9 and token LESSTHOREQ resolved as shift (ASSIGNMENT < LESSTHOREQ).
    Conflict between rule 9 and token GREATTHOREQ resolved as shift (ASSIGNMENT < GREATTHOREQ).
    Conflict between rule 9 and token LEFTSHIFT resolved as shift (ASSIGNMENT < LEFTSHIFT).
    Conflict between rule 9 and token RIGHTSHIFT resolved as shift (ASSIGNMENT < RIGHTSHIFT).
    Conflict between rule 9 and token PLUS resolved as shift (ASSIGNMENT < PLUS).
    Conflict between rule 9 and token MINUS resolved as shift (ASSIGNMENT < MINUS).
    Conflict between rule 9 and token STAR resolved as shift (ASSIGNMENT < STAR).
    Conflict between rule 9 and token DIVISION resolved as shift (ASSIGNMENT < DIVISION).
    Conflict between rule 9 and token POWER resolved as shift (ASSIGNMENT < POWER).


State 32

   10 expression: OBRACE expression EBRACE .

    $default  reduce using rule 10 (expression)


State 33

    4 typeline: . expression
    5         | . block COLON blockstmt
    6 block: . IF expression
    8 blockstmt: INDENTTOK . typeline
    9 expression: . IDENTIFIER ASSIGNMENT expression
   10           | . OBRACE expression EBRACE
   11           | . expression POWER expression
   12           | . expression STAR expression
   13           | . expression DIVISION expression
   14           | . expression PLUS expression
   15           | . expression MINUS expression
   16           | . expression LEFTSHIFT expression
   17           | . expression RIGHTSHIFT expression
   18           | . expression LESSTHAN expression
   19           | . expression GREATERTHAN expression
   20           | . expression DOUBLEEQUAL expression
   21           | . expression NOTEQUAL expression
   22           | . expression LESSTHOREQ expression
   23           | . expression GREATTHOREQ expression
   24           | . IDENTIFIER
   25           | . INT
   26           | . STRING
   27           | . DECIMAL

    INT         shift, and go to state 1
    DECIMAL     shift, and go to state 2
    STRING      shift, and go to state 3
    IDENTIFIER  shift, and go to state 4
    IF          shift, and go to state 5
    OBRACE      shift, and go to state 6

    typeline    go to state 48
    block       go to state 10
    expression  go to state 11


State 34

    5 typeline: block COLON blockstmt .  [$end, INT, DECIMAL, STRING, IDENTIFIER, INDENTTOK, IF, OBRACE]
    7 blockstmt: blockstmt . INDENTTOK typeline

    INDENTTOK  shift, and go to state 49

    INDENTTOK  [reduce using rule 5 (typeline)]
    $default   reduce using rule 5 (typeline)


State 35

   11 expression: expression . POWER expression
   12           | expression . STAR expression
   13           | expression . DIVISION expression
   14           | expression . PLUS expression
   15           | expression . MINUS expression
   16           | expression . LEFTSHIFT expression
   17           | expression . RIGHTSHIFT expression
   18           | expression . LESSTHAN expression
   18           | expression LESSTHAN expression .  [$end, INT, DECIMAL, STRING, IDENTIFIER, INDENTTOK, IF, COLON, OBRACE, EBRACE, LESSTHAN, GREATERTHAN, DOUBLEEQUAL, NOTEQUAL, LESSTHOREQ, GREATTHOREQ]
   19           | expression . GREATERTHAN expression
   20           | expression . DOUBLEEQUAL expression
   21           | expression . NOTEQUAL expression
   22           | expression . LESSTHOREQ expression
   23           | expression . GREATTHOREQ expression

    LEFTSHIFT   shift, and go to state 24
    RIGHTSHIFT  shift, and go to state 25
    PLUS        shift, and go to state 26
    MINUS       shift, and go to state 27
    STAR        shift, and go to state 28
    DIVISION    shift, and go to state 29
    POWER       shift, and go to state 30

    $default  reduce using rule 18 (expression)

    Conflict between rule 18 and token LESSTHAN resolved as reduce (%left LESSTHAN).
    Conflict between rule 18 and token GREATERTHAN resolved as reduce (%left GREATERTHAN).
    Conflict between rule 18 and token DOUBLEEQUAL resolved as reduce (%left DOUBLEEQUAL).
    Conflict between rule 18 and token NOTEQUAL resolved as reduce (%left NOTEQUAL).
    Conflict between rule 18 and token LESSTHOREQ resolved as reduce (%left LESSTHOREQ).
    Conflict between rule 18 and token GREATTHOREQ resolved as reduce (%left GREATTHOREQ).
    Conflict between rule 18 and token LEFTSHIFT resolved as shift (LESSTHAN < LEFTSHIFT).
    Conflict between rule 18 and token RIGHTSHIFT resolved as shift (LESSTHAN < RIGHTSHIFT).
    Conflict between rule 18 and token PLUS resolved as shift (LESSTHAN < PLUS).
    Conflict between rule 18 and token MINUS resolved as shift (LESSTHAN < MINUS).
    Conflict between rule 18 and token STAR resolved as shift (LESSTHAN < STAR).
    Conflict between rule 18 and token DIVISION resolved as shift (LESSTHAN < DIVISION).
    Conflict between rule 18 and token POWER resolved as shift (LESSTHAN < POWER).


State 36

   11 expression: expression . POWER expression
   12           | expression . STAR expression
   13           | expression . DIVISION expression
   14           | expression . PLUS expression
   15           | expression . MINUS expression
   16           | expression . LEFTSHIFT expression
   17           | expression . RIGHTSHIFT expression
   18           | expression . LESSTHAN expression
   19           | expression . GREATERTHAN expression
   19           | expression GREATERTHAN expression .  [$end, INT, DECIMAL, STRING, IDENTIFIER, INDENTTOK, IF, COLON, OBRACE, EBRACE, LESSTHAN, GREATERTHAN, DOUBLEEQUAL, NOTEQUAL, LESSTHOREQ, GREATTHOREQ]
   20           | expression . DOUBLEEQUAL expression
   21           | expression . NOTEQUAL expression
   22           | expression . LESSTHOREQ expression
   23           | expression . GREATTHOREQ expression

    LEFTSHIFT   shift, and go to state 24
    RIGHTSHIFT  shift, and go to state 25
    PLUS        shift, and go to state 26
    MINUS       shift, and go to state 27
    STAR        shift, and go to state 28
    DIVISION    shift, and go to state 29
    POWER       shift, and go to state 30

    $default  reduce using rule 19 (expression)

    Conflict between rule 19 and token LESSTHAN resolved as reduce (%left LESSTHAN).
    Conflict between rule 19 and token GREATERTHAN resolved as reduce (%left GREATERTHAN).
    Conflict between rule 19 and token DOUBLEEQUAL resolved as reduce (%left DOUBLEEQUAL).
    Conflict between rule 19 and token NOTEQUAL resolved as reduce (%left NOTEQUAL).
    Conflict between rule 19 and token LESSTHOREQ resolved as reduce (%left LESSTHOREQ).
    Conflict between rule 19 and token GREATTHOREQ resolved as reduce (%left GREATTHOREQ).
    Conflict between rule 19 and token LEFTSHIFT resolved as shift (GREATERTHAN < LEFTSHIFT).
    Conflict between rule 19 and token RIGHTSHIFT resolved as shift (GREATERTHAN < RIGHTSHIFT).
    Conflict between rule 19 and token PLUS resolved as shift (GREATERTHAN < PLUS).
    Conflict between rule 19 and token MINUS resolved as shift (GREATERTHAN < MINUS).
    Conflict between rule 19 and token STAR resolved as shift (GREATERTHAN < STAR).
    Conflict between rule 19 and token DIVISION resolved as shift (GREATERTHAN < DIVISION).
    Conflict between rule 19 and token POWER resolved as shift (GREATERTHAN < POWER).


State 37

   11 expression: expression . POWER expression
   12           | expression . STAR expression
   13           | expression . DIVISION expression
   14           | expression . PLUS expression
   15           | expression . MINUS expression
   16           | expression . LEFTSHIFT expression
   17           | expression . RIGHTSHIFT expression
   18           | expression . LESSTHAN expression
   19           | expression . GREATERTHAN expression
   20           | expression . DOUBLEEQUAL expression
   20           | expression DOUBLEEQUAL expression .  [$end, INT, DECIMAL, STRING, IDENTIFIER, INDENTTOK, IF, COLON, OBRACE, EBRACE, LESSTHAN, GREATERTHAN, DOUBLEEQUAL, NOTEQUAL, LESSTHOREQ, GREATTHOREQ]
   21           | expression . NOTEQUAL expression
   22           | expression . LESSTHOREQ expression
   23           | expression . GREATTHOREQ expression

    LEFTSHIFT   shift, and go to state 24
    RIGHTSHIFT  shift, and go to state 25
    PLUS        shift, and go to state 26
    MINUS       shift, and go to state 27
    STAR        shift, and go to state 28
    DIVISION    shift, and go to state 29
    POWER       shift, and go to state 30

    $default  reduce using rule 20 (expression)

    Conflict between rule 20 and token LESSTHAN resolved as reduce (%left LESSTHAN).
    Conflict between rule 20 and token GREATERTHAN resolved as reduce (%left GREATERTHAN).
    Conflict between rule 20 and token DOUBLEEQUAL resolved as reduce (%left DOUBLEEQUAL).
    Conflict between rule 20 and token NOTEQUAL resolved as reduce (%left NOTEQUAL).
    Conflict between rule 20 and token LESSTHOREQ resolved as reduce (%left LESSTHOREQ).
    Conflict between rule 20 and token GREATTHOREQ resolved as reduce (%left GREATTHOREQ).
    Conflict between rule 20 and token LEFTSHIFT resolved as shift (DOUBLEEQUAL < LEFTSHIFT).
    Conflict between rule 20 and token RIGHTSHIFT resolved as shift (DOUBLEEQUAL < RIGHTSHIFT).
    Conflict between rule 20 and token PLUS resolved as shift (DOUBLEEQUAL < PLUS).
    Conflict between rule 20 and token MINUS resolved as shift (DOUBLEEQUAL < MINUS).
    Conflict between rule 20 and token STAR resolved as shift (DOUBLEEQUAL < STAR).
    Conflict between rule 20 and token DIVISION resolved as shift (DOUBLEEQUAL < DIVISION).
    Conflict between rule 20 and token POWER resolved as shift (DOUBLEEQUAL < POWER).


State 38

   11 expression: expression . POWER expression
   12           | expression . STAR expression
   13           | expression . DIVISION expression
   14           | expression . PLUS expression
   15           | expression . MINUS expression
   16           | expression . LEFTSHIFT expression
   17           | expression . RIGHTSHIFT expression
   18           | expression . LESSTHAN expression
   19           | expression . GREATERTHAN expression
   20           | expression . DOUBLEEQUAL expression
   21           | expression . NOTEQUAL expression
   21           | expression NOTEQUAL expression .  [$end, INT, DECIMAL, STRING, IDENTIFIER, INDENTTOK, IF, COLON, OBRACE, EBRACE, LESSTHAN, GREATERTHAN, DOUBLEEQUAL, NOTEQUAL, LESSTHOREQ, GREATTHOREQ]
   22           | expression . LESSTHOREQ expression
   23           | expression . GREATTHOREQ expression

    LEFTSHIFT   shift, and go to state 24
    RIGHTSHIFT  shift, and go to state 25
    PLUS        shift, and go to state 26
    MINUS       shift, and go to state 27
    STAR        shift, and go to state 28
    DIVISION    shift, and go to state 29
    POWER       shift, and go to state 30

    $default  reduce using rule 21 (expression)

    Conflict between rule 21 and token LESSTHAN resolved as reduce (%left LESSTHAN).
    Conflict between rule 21 and token GREATERTHAN resolved as reduce (%left GREATERTHAN).
    Conflict between rule 21 and token DOUBLEEQUAL resolved as reduce (%left DOUBLEEQUAL).
    Conflict between rule 21 and token NOTEQUAL resolved as reduce (%left NOTEQUAL).
    Conflict between rule 21 and token LESSTHOREQ resolved as reduce (%left LESSTHOREQ).
    Conflict between rule 21 and token GREATTHOREQ resolved as reduce (%left GREATTHOREQ).
    Conflict between rule 21 and token LEFTSHIFT resolved as shift (NOTEQUAL < LEFTSHIFT).
    Conflict between rule 21 and token RIGHTSHIFT resolved as shift (NOTEQUAL < RIGHTSHIFT).
    Conflict between rule 21 and token PLUS resolved as shift (NOTEQUAL < PLUS).
    Conflict between rule 21 and token MINUS resolved as shift (NOTEQUAL < MINUS).
    Conflict between rule 21 and token STAR resolved as shift (NOTEQUAL < STAR).
    Conflict between rule 21 and token DIVISION resolved as shift (NOTEQUAL < DIVISION).
    Conflict between rule 21 and token POWER resolved as shift (NOTEQUAL < POWER).


State 39

   11 expression: expression . POWER expression
   12           | expression . STAR expression
   13           | expression . DIVISION expression
   14           | expression . PLUS expression
   15           | expression . MINUS expression
   16           | expression . LEFTSHIFT expression
   17           | expression . RIGHTSHIFT expression
   18           | expression . LESSTHAN expression
   19           | expression . GREATERTHAN expression
   20           | expression . DOUBLEEQUAL expression
   21           | expression . NOTEQUAL expression
   22           | expression . LESSTHOREQ expression
   22           | expression LESSTHOREQ expression .  [$end, INT, DECIMAL, STRING, IDENTIFIER, INDENTTOK, IF, COLON, OBRACE, EBRACE, LESSTHAN, GREATERTHAN, DOUBLEEQUAL, NOTEQUAL, LESSTHOREQ, GREATTHOREQ]
   23           | expression . GREATTHOREQ expression

    LEFTSHIFT   shift, and go to state 24
    RIGHTSHIFT  shift, and go to state 25
    PLUS        shift, and go to state 26
    MINUS       shift, and go to state 27
    STAR        shift, and go to state 28
    DIVISION    shift, and go to state 29
    POWER       shift, and go to state 30

    $default  reduce using rule 22 (expression)

    Conflict between rule 22 and token LESSTHAN resolved as reduce (%left LESSTHAN).
    Conflict between rule 22 and token GREATERTHAN resolved as reduce (%left GREATERTHAN).
    Conflict between rule 22 and token DOUBLEEQUAL resolved as reduce (%left DOUBLEEQUAL).
    Conflict between rule 22 and token NOTEQUAL resolved as reduce (%left NOTEQUAL).
    Conflict between rule 22 and token LESSTHOREQ resolved as reduce (%left LESSTHOREQ).
    Conflict between rule 22 and token GREATTHOREQ resolved as reduce (%left GREATTHOREQ).
    Conflict between rule 22 and token LEFTSHIFT resolved as shift (LESSTHOREQ < LEFTSHIFT).
    Conflict between rule 22 and token RIGHTSHIFT resolved as shift (LESSTHOREQ < RIGHTSHIFT).
    Conflict between rule 22 and token PLUS resolved as shift (LESSTHOREQ < PLUS).
    Conflict between rule 22 and token MINUS resolved as shift (LESSTHOREQ < MINUS).
    Conflict between rule 22 and token STAR resolved as shift (LESSTHOREQ < STAR).
    Conflict between rule 22 and token DIVISION resolved as shift (LESSTHOREQ < DIVISION).
    Conflict between rule 22 and token POWER resolved as shift (LESSTHOREQ < POWER).


State 40

   11 expression: expression . POWER expression
   12           | expression . STAR expression
   13           | expression . DIVISION expression
   14           | expression . PLUS expression
   15           | expression . MINUS expression
   16           | expression . LEFTSHIFT expression
   17           | expression . RIGHTSHIFT expression
   18           | expression . LESSTHAN expression
   19           | expression . GREATERTHAN expression
   20           | expression . DOUBLEEQUAL expression
   21           | expression . NOTEQUAL expression
   22           | expression . LESSTHOREQ expression
   23           | expression . GREATTHOREQ expression
   23           | expression GREATTHOREQ expression .  [$end, INT, DECIMAL, STRING, IDENTIFIER, INDENTTOK, IF, COLON, OBRACE, EBRACE, LESSTHAN, GREATERTHAN, DOUBLEEQUAL, NOTEQUAL, LESSTHOREQ, GREATTHOREQ]

    LEFTSHIFT   shift, and go to state 24
    RIGHTSHIFT  shift, and go to state 25
    PLUS        shift, and go to state 26
    MINUS       shift, and go to state 27
    STAR        shift, and go to state 28
    DIVISION    shift, and go to state 29
    POWER       shift, and go to state 30

    $default  reduce using rule 23 (expression)

    Conflict between rule 23 and token LESSTHAN resolved as reduce (%left LESSTHAN).
    Conflict between rule 23 and token GREATERTHAN resolved as reduce (%left GREATERTHAN).
    Conflict between rule 23 and token DOUBLEEQUAL resolved as reduce (%left DOUBLEEQUAL).
    Conflict between rule 23 and token NOTEQUAL resolved as reduce (%left NOTEQUAL).
    Conflict between rule 23 and token LESSTHOREQ resolved as reduce (%left LESSTHOREQ).
    Conflict between rule 23 and token GREATTHOREQ resolved as reduce (%left GREATTHOREQ).
    Conflict between rule 23 and token LEFTSHIFT resolved as shift (GREATTHOREQ < LEFTSHIFT).
    Conflict between rule 23 and token RIGHTSHIFT resolved as shift (GREATTHOREQ < RIGHTSHIFT).
    Conflict between rule 23 and token PLUS resolved as shift (GREATTHOREQ < PLUS).
    Conflict between rule 23 and token MINUS resolved as shift (GREATTHOREQ < MINUS).
    Conflict between rule 23 and token STAR resolved as shift (GREATTHOREQ < STAR).
    Conflict between rule 23 and token DIVISION resolved as shift (GREATTHOREQ < DIVISION).
    Conflict between rule 23 and token POWER resolved as shift (GREATTHOREQ < POWER).


State 41

   11 expression: expression . POWER expression
   12           | expression . STAR expression
   13           | expression . DIVISION expression
   14           | expression . PLUS expression
   15           | expression . MINUS expression
   16           | expression . LEFTSHIFT expression
   16           | expression LEFTSHIFT expression .  [$end, INT, DECIMAL, STRING, IDENTIFIER, INDENTTOK, IF, COLON, OBRACE, EBRACE, LESSTHAN, GREATERTHAN, DOUBLEEQUAL, NOTEQUAL, LESSTHOREQ, GREATTHOREQ, LEFTSHIFT, RIGHTSHIFT]
   17           | expression . RIGHTSHIFT expression
   18           | expression . LESSTHAN expression
   19           | expression . GREATERTHAN expression
   20           | expression . DOUBLEEQUAL expression
   21           | expression . NOTEQUAL expression
   22           | expression . LESSTHOREQ expression
   23           | expression . GREATTHOREQ expression

    PLUS      shift, and go to state 26
    MINUS     shift, and go to state 27
    STAR      shift, and go to state 28
    DIVISION  shift, and go to state 29
    POWER     shift, and go to state 30

    $default  reduce using rule 16 (expression)

    Conflict between rule 16 and token LESSTHAN resolved as reduce (LESSTHAN < LEFTSHIFT).
    Conflict between rule 16 and token GREATERTHAN resolved as reduce (GREATERTHAN < LEFTSHIFT).
    Conflict between rule 16 and token DOUBLEEQUAL resolved as reduce (DOUBLEEQUAL < LEFTSHIFT).
    Conflict between rule 16 and token NOTEQUAL resolved as reduce (NOTEQUAL < LEFTSHIFT).
    Conflict between rule 16 and token LESSTHOREQ resolved as reduce (LESSTHOREQ < LEFTSHIFT).
    Conflict between rule 16 and token GREATTHOREQ resolved as reduce (GREATTHOREQ < LEFTSHIFT).
    Conflict between rule 16 and token LEFTSHIFT resolved as reduce (%left LEFTSHIFT).
    Conflict between rule 16 and token RIGHTSHIFT resolved as reduce (%left RIGHTSHIFT).
    Conflict between rule 16 and token PLUS resolved as shift (LEFTSHIFT < PLUS).
    Conflict between rule 16 and token MINUS resolved as shift (LEFTSHIFT < MINUS).
    Conflict between rule 16 and token STAR resolved as shift (LEFTSHIFT < STAR).
    Conflict between rule 16 and token DIVISION resolved as shift (LEFTSHIFT < DIVISION).
    Conflict between rule 16 and token POWER resolved as shift (LEFTSHIFT < POWER).


State 42

   11 expression: expression . POWER expression
   12           | expression . STAR expression
   13           | expression . DIVISION expression
   14           | expression . PLUS expression
   15           | expression . MINUS expression
   16           | expression . LEFTSHIFT expression
   17           | expression . RIGHTSHIFT expression
   17           | expression RIGHTSHIFT expression .  [$end, INT, DECIMAL, STRING, IDENTIFIER, INDENTTOK, IF, COLON, OBRACE, EBRACE, LESSTHAN, GREATERTHAN, DOUBLEEQUAL, NOTEQUAL, LESSTHOREQ, GREATTHOREQ, LEFTSHIFT, RIGHTSHIFT]
   18           | expression . LESSTHAN expression
   19           | expression . GREATERTHAN expression
   20           | expression . DOUBLEEQUAL expression
   21           | expression . NOTEQUAL expression
   22           | expression . LESSTHOREQ expression
   23           | expression . GREATTHOREQ expression

    PLUS      shift, and go to state 26
    MINUS     shift, and go to state 27
    STAR      shift, and go to state 28
    DIVISION  shift, and go to state 29
    POWER     shift, and go to state 30

    $default  reduce using rule 17 (expression)

    Conflict between rule 17 and token LESSTHAN resolved as reduce (LESSTHAN < RIGHTSHIFT).
    Conflict between rule 17 and token GREATERTHAN resolved as reduce (GREATERTHAN < RIGHTSHIFT).
    Conflict between rule 17 and token DOUBLEEQUAL resolved as reduce (DOUBLEEQUAL < RIGHTSHIFT).
    Conflict between rule 17 and token NOTEQUAL resolved as reduce (NOTEQUAL < RIGHTSHIFT).
    Conflict between rule 17 and token LESSTHOREQ resolved as reduce (LESSTHOREQ < RIGHTSHIFT).
    Conflict between rule 17 and token GREATTHOREQ resolved as reduce (GREATTHOREQ < RIGHTSHIFT).
    Conflict between rule 17 and token LEFTSHIFT resolved as reduce (%left LEFTSHIFT).
    Conflict between rule 17 and token RIGHTSHIFT resolved as reduce (%left RIGHTSHIFT).
    Conflict between rule 17 and token PLUS resolved as shift (RIGHTSHIFT < PLUS).
    Conflict between rule 17 and token MINUS resolved as shift (RIGHTSHIFT < MINUS).
    Conflict between rule 17 and token STAR resolved as shift (RIGHTSHIFT < STAR).
    Conflict between rule 17 and token DIVISION resolved as shift (RIGHTSHIFT < DIVISION).
    Conflict between rule 17 and token POWER resolved as shift (RIGHTSHIFT < POWER).


State 43

   11 expression: expression . POWER expression
   12           | expression . STAR expression
   13           | expression . DIVISION expression
   14           | expression . PLUS expression
   14           | expression PLUS expression .  [$end, INT, DECIMAL, STRING, IDENTIFIER, INDENTTOK, IF, COLON, OBRACE, EBRACE, LESSTHAN, GREATERTHAN, DOUBLEEQUAL, NOTEQUAL, LESSTHOREQ, GREATTHOREQ, LEFTSHIFT, RIGHTSHIFT, PLUS, MINUS]
   15           | expression . MINUS expression
   16           | expression . LEFTSHIFT expression
   17           | expression . RIGHTSHIFT expression
   18           | expression . LESSTHAN expression
   19           | expression . GREATERTHAN expression
   20           | expression . DOUBLEEQUAL expression
   21           | expression . NOTEQUAL expression
   22           | expression . LESSTHOREQ expression
   23           | expression . GREATTHOREQ expression

    STAR      shift, and go to state 28
    DIVISION  shift, and go to state 29
    POWER     shift, and go to state 30

    $default  reduce using rule 14 (expression)

    Conflict between rule 14 and token LESSTHAN resolved as reduce (LESSTHAN < PLUS).
    Conflict between rule 14 and token GREATERTHAN resolved as reduce (GREATERTHAN < PLUS).
    Conflict between rule 14 and token DOUBLEEQUAL resolved as reduce (DOUBLEEQUAL < PLUS).
    Conflict between rule 14 and token NOTEQUAL resolved as reduce (NOTEQUAL < PLUS).
    Conflict between rule 14 and token LESSTHOREQ resolved as reduce (LESSTHOREQ < PLUS).
    Conflict between rule 14 and token GREATTHOREQ resolved as reduce (GREATTHOREQ < PLUS).
    Conflict between rule 14 and token LEFTSHIFT resolved as reduce (LEFTSHIFT < PLUS).
    Conflict between rule 14 and token RIGHTSHIFT resolved as reduce (RIGHTSHIFT < PLUS).
    Conflict between rule 14 and token PLUS resolved as reduce (%left PLUS).
    Conflict between rule 14 and token MINUS resolved as reduce (%left MINUS).
    Conflict between rule 14 and token STAR resolved as shift (PLUS < STAR).
    Conflict between rule 14 and token DIVISION resolved as shift (PLUS < DIVISION).
    Conflict between rule 14 and token POWER resolved as shift (PLUS < POWER).


State 44

   11 expression: expression . POWER expression
   12           | expression . STAR expression
   13           | expression . DIVISION expression
   14           | expression . PLUS expression
   15           | expression . MINUS expression
   15           | expression MINUS expression .  [$end, INT, DECIMAL, STRING, IDENTIFIER, INDENTTOK, IF, COLON, OBRACE, EBRACE, LESSTHAN, GREATERTHAN, DOUBLEEQUAL, NOTEQUAL, LESSTHOREQ, GREATTHOREQ, LEFTSHIFT, RIGHTSHIFT, PLUS, MINUS]
   16           | expression . LEFTSHIFT expression
   17           | expression . RIGHTSHIFT expression
   18           | expression . LESSTHAN expression
   19           | expression . GREATERTHAN expression
   20           | expression . DOUBLEEQUAL expression
   21           | expression . NOTEQUAL expression
   22           | expression . LESSTHOREQ expression
   23           | expression . GREATTHOREQ expression

    STAR      shift, and go to state 28
    DIVISION  shift, and go to state 29
    POWER     shift, and go to state 30

    $default  reduce using rule 15 (expression)

    Conflict between rule 15 and token LESSTHAN resolved as reduce (LESSTHAN < MINUS).
    Conflict between rule 15 and token GREATERTHAN resolved as reduce (GREATERTHAN < MINUS).
    Conflict between rule 15 and token DOUBLEEQUAL resolved as reduce (DOUBLEEQUAL < MINUS).
    Conflict between rule 15 and token NOTEQUAL resolved as reduce (NOTEQUAL < MINUS).
    Conflict between rule 15 and token LESSTHOREQ resolved as reduce (LESSTHOREQ < MINUS).
    Conflict between rule 15 and token GREATTHOREQ resolved as reduce (GREATTHOREQ < MINUS).
    Conflict between rule 15 and token LEFTSHIFT resolved as reduce (LEFTSHIFT < MINUS).
    Conflict between rule 15 and token RIGHTSHIFT resolved as reduce (RIGHTSHIFT < MINUS).
    Conflict between rule 15 and token PLUS resolved as reduce (%left PLUS).
    Conflict between rule 15 and token MINUS resolved as reduce (%left MINUS).
    Conflict between rule 15 and token STAR resolved as shift (MINUS < STAR).
    Conflict between rule 15 and token DIVISION resolved as shift (MINUS < DIVISION).
    Conflict between rule 15 and token POWER resolved as shift (MINUS < POWER).


State 45

   11 expression: expression . POWER expression
   12           | expression . STAR expression
   12           | expression STAR expression .  [$end, INT, DECIMAL, STRING, IDENTIFIER, INDENTTOK, IF, COLON, OBRACE, EBRACE, LESSTHAN, GREATERTHAN, DOUBLEEQUAL, NOTEQUAL, LESSTHOREQ, GREATTHOREQ, LEFTSHIFT, RIGHTSHIFT, PLUS, MINUS, STAR, DIVISION]
   13           | expression . DIVISION expression
   14           | expression . PLUS expression
   15           | expression . MINUS expression
   16           | expression . LEFTSHIFT expression
   17           | expression . RIGHTSHIFT expression
   18           | expression . LESSTHAN expression
   19           | expression . GREATERTHAN expression
   20           | expression . DOUBLEEQUAL expression
   21           | expression . NOTEQUAL expression
   22           | expression . LESSTHOREQ expression
   23           | expression . GREATTHOREQ expression

    POWER  shift, and go to state 30

    $default  reduce using rule 12 (expression)

    Conflict between rule 12 and token LESSTHAN resolved as reduce (LESSTHAN < STAR).
    Conflict between rule 12 and token GREATERTHAN resolved as reduce (GREATERTHAN < STAR).
    Conflict between rule 12 and token DOUBLEEQUAL resolved as reduce (DOUBLEEQUAL < STAR).
    Conflict between rule 12 and token NOTEQUAL resolved as reduce (NOTEQUAL < STAR).
    Conflict between rule 12 and token LESSTHOREQ resolved as reduce (LESSTHOREQ < STAR).
    Conflict between rule 12 and token GREATTHOREQ resolved as reduce (GREATTHOREQ < STAR).
    Conflict between rule 12 and token LEFTSHIFT resolved as reduce (LEFTSHIFT < STAR).
    Conflict between rule 12 and token RIGHTSHIFT resolved as reduce (RIGHTSHIFT < STAR).
    Conflict between rule 12 and token PLUS resolved as reduce (PLUS < STAR).
    Conflict between rule 12 and token MINUS resolved as reduce (MINUS < STAR).
    Conflict between rule 12 and token STAR resolved as reduce (%left STAR).
    Conflict between rule 12 and token DIVISION resolved as reduce (%left DIVISION).
    Conflict between rule 12 and token POWER resolved as shift (STAR < POWER).


State 46

   11 expression: expression . POWER expression
   12           | expression . STAR expression
   13           | expression . DIVISION expression
   13           | expression DIVISION expression .  [$end, INT, DECIMAL, STRING, IDENTIFIER, INDENTTOK, IF, COLON, OBRACE, EBRACE, LESSTHAN, GREATERTHAN, DOUBLEEQUAL, NOTEQUAL, LESSTHOREQ, GREATTHOREQ, LEFTSHIFT, RIGHTSHIFT, PLUS, MINUS, STAR, DIVISION]
   14           | expression . PLUS expression
   15           | expression . MINUS expression
   16           | expression . LEFTSHIFT expression
   17           | expression . RIGHTSHIFT expression
   18           | expression . LESSTHAN expression
   19           | expression . GREATERTHAN expression
   20           | expression . DOUBLEEQUAL expression
   21           | expression . NOTEQUAL expression
   22           | expression . LESSTHOREQ expression
   23           | expression . GREATTHOREQ expression

    POWER  shift, and go to state 30

    $default  reduce using rule 13 (expression)

    Conflict between rule 13 and token LESSTHAN resolved as reduce (LESSTHAN < DIVISION).
    Conflict between rule 13 and token GREATERTHAN resolved as reduce (GREATERTHAN < DIVISION).
    Conflict between rule 13 and token DOUBLEEQUAL resolved as reduce (DOUBLEEQUAL < DIVISION).
    Conflict between rule 13 and token NOTEQUAL resolved as reduce (NOTEQUAL < DIVISION).
    Conflict between rule 13 and token LESSTHOREQ resolved as reduce (LESSTHOREQ < DIVISION).
    Conflict between rule 13 and token GREATTHOREQ resolved as reduce (GREATTHOREQ < DIVISION).
    Conflict between rule 13 and token LEFTSHIFT resolved as reduce (LEFTSHIFT < DIVISION).
    Conflict between rule 13 and token RIGHTSHIFT resolved as reduce (RIGHTSHIFT < DIVISION).
    Conflict between rule 13 and token PLUS resolved as reduce (PLUS < DIVISION).
    Conflict between rule 13 and token MINUS resolved as reduce (MINUS < DIVISION).
    Conflict between rule 13 and token STAR resolved as reduce (%left STAR).
    Conflict between rule 13 and token DIVISION resolved as reduce (%left DIVISION).
    Conflict between rule 13 and token POWER resolved as shift (DIVISION < POWER).


State 47

   11 expression: expression . POWER expression
   11           | expression POWER expression .  [$end, INT, DECIMAL, STRING, IDENTIFIER, INDENTTOK, IF, COLON, OBRACE, EBRACE, LESSTHAN, GREATERTHAN, DOUBLEEQUAL, NOTEQUAL, LESSTHOREQ, GREATTHOREQ, LEFTSHIFT, RIGHTSHIFT, PLUS, MINUS, STAR, DIVISION]
   12           | expression . STAR expression
   13           | expression . DIVISION expression
   14           | expression . PLUS expression
   15           | expression . MINUS expression
   16           | expression . LEFTSHIFT expression
   17           | expression . RIGHTSHIFT expression
   18           | expression . LESSTHAN expression
   19           | expression . GREATERTHAN expression
   20           | expression . DOUBLEEQUAL expression
   21           | expression . NOTEQUAL expression
   22           | expression . LESSTHOREQ expression
   23           | expression . GREATTHOREQ expression

    POWER  shift, and go to state 30

    $default  reduce using rule 11 (expression)

    Conflict between rule 11 and token LESSTHAN resolved as reduce (LESSTHAN < POWER).
    Conflict between rule 11 and token GREATERTHAN resolved as reduce (GREATERTHAN < POWER).
    Conflict between rule 11 and token DOUBLEEQUAL resolved as reduce (DOUBLEEQUAL < POWER).
    Conflict between rule 11 and token NOTEQUAL resolved as reduce (NOTEQUAL < POWER).
    Conflict between rule 11 and token LESSTHOREQ resolved as reduce (LESSTHOREQ < POWER).
    Conflict between rule 11 and token GREATTHOREQ resolved as reduce (GREATTHOREQ < POWER).
    Conflict between rule 11 and token LEFTSHIFT resolved as reduce (LEFTSHIFT < POWER).
    Conflict between rule 11 and token RIGHTSHIFT resolved as reduce (RIGHTSHIFT < POWER).
    Conflict between rule 11 and token PLUS resolved as reduce (PLUS < POWER).
    Conflict between rule 11 and token MINUS resolved as reduce (MINUS < POWER).
    Conflict between rule 11 and token STAR resolved as reduce (STAR < POWER).
    Conflict between rule 11 and token DIVISION resolved as reduce (DIVISION < POWER).
    Conflict between rule 11 and token POWER resolved as shift (%right POWER).


State 48

    8 blockstmt: INDENTTOK typeline .

    $default  reduce using rule 8 (blockstmt)


State 49

    4 typeline: . expression
    5         | . block COLON blockstmt
    6 block: . IF expression
    7 blockstmt: blockstmt INDENTTOK . typeline
    9 expression: . IDENTIFIER ASSIGNMENT expression
   10           | . OBRACE expression EBRACE
   11           | . expression POWER expression
   12           | . expression STAR expression
   13           | . expression DIVISION expression
   14           | . expression PLUS expression
   15           | . expression MINUS expression
   16           | . expression LEFTSHIFT expression
   17           | . expression RIGHTSHIFT expression
   18           | . expression LESSTHAN expression
   19           | . expression GREATERTHAN expression
   20           | . expression DOUBLEEQUAL expression
   21           | . expression NOTEQUAL expression
   22           | . expression LESSTHOREQ expression
   23           | . expression GREATTHOREQ expression
   24           | . IDENTIFIER
   25           | . INT
   26           | . STRING
   27           | . DECIMAL

    INT         shift, and go to state 1
    DECIMAL     shift, and go to state 2
    STRING      shift, and go to state 3
    IDENTIFIER  shift, and go to state 4
    IF          shift, and go to state 5
    OBRACE      shift, and go to state 6

    typeline    go to state 50
    block       go to state 10
    expression  go to state 11


State 50

    7 blockstmt: blockstmt INDENTTOK typeline .

    $default  reduce using rule 7 (blockstmt)
